<?xml version="1.0" encoding="UTF-8"?><testsuite errors="1" failures="0" name="Login" skipped="0" tests="7" time="189.94" timestamp="2023-09-27 01:03:08"><testcase name="Login Succesful"/><testcase name="Failed login due to insertion of numerical data"/><testcase name="Login failed due to insertion of special characters"/><testcase name="Login Fail Email"/><testcase name="Login Fail Password"/><testcase name="Login Empty email Field"/><testcase name="Login Empty Password Field"><error message="no such element: Unable to locate element: {&quot;method&quot;:&quot;xpath&quot;,&quot;selector&quot;:&quot;//div [@class = 'sOewt4Y1yBOPAIUGcJwH fD2Lif3G4ehCgKZJDFwf CgEr4LoA7GBJSRxe_hwL']&quot;}&#10;  (Session info: chrome=117.0.5938.92)&#10;For documentation on this error, please visit: https://www.seleniumhq.org/exceptions/no_such_element.html&#10;Build info: version: '3.141.59', revision: 'e82be7d358', time: '2018-11-14T08:17:03'&#10;System info: host: 'DESKTOP-AM3VRUH', ip: '172.18.9.38', os.name: 'Windows 10', os.arch: 'amd64', os.version: '10.0', java.version: '1.8.0_202'&#10;Driver info: org.openqa.selenium.chrome.ChromeDriver&#10;Capabilities {acceptInsecureCerts: false, browserName: chrome, browserVersion: 117.0.5938.92, chrome: {chromedriverVersion: 117.0.5938.88 (be6afae47212..., userDataDir: C:\Users\ADMINS~1\AppData\L...}, fedcm:accounts: true, goog:chromeOptions: {debuggerAddress: localhost:54388}, javascriptEnabled: true, networkConnectionEnabled: false, pageLoadStrategy: normal, platform: WINDOWS, platformName: WINDOWS, proxy: Proxy(), setWindowRect: true, strictFileInteractability: false, timeouts: {implicit: 0, pageLoad: 300000, script: 30000}, unhandledPromptBehavior: dismiss and notify, webauthn:extension:credBlob: true, webauthn:extension:largeBlob: true, webauthn:extension:minPinLength: true, webauthn:extension:prf: true, webauthn:virtualAuthenticators: true}&#10;Session ID: eb1f3fc0e0343f903a4823ffcaf14240&#10;*** Element info: {Using=xpath, value=//div [@class = 'sOewt4Y1yBOPAIUGcJwH fD2Lif3G4ehCgKZJDFwf CgEr4LoA7GBJSRxe_hwL']}&#10;For documentation on this error, please visit: https://www.seleniumhq.org/exceptions/no_such_element.html&#10;Build info: version: '3.141.59', revision: 'e82be7d358', time: '2018-11-14T08:17:03'&#10;System info: host: 'DESKTOP-AM3VRUH', ip: '172.18.9.38', os.name: 'Windows 10', os.arch: 'amd64', os.version: '10.0', java.version: '1.8.0_202'&#10;Driver info: driver.version: unknown" type="org.openqa.selenium.NoSuchElementException">no such element: Unable to locate element: {"method":"xpath","selector":"//div [@class = 'sOewt4Y1yBOPAIUGcJwH fD2Lif3G4ehCgKZJDFwf CgEr4LoA7GBJSRxe_hwL']"}
  (Session info: chrome=117.0.5938.92)
For documentation on this error, please visit: https://www.seleniumhq.org/exceptions/no_such_element.html
Build info: version: '3.141.59', revision: 'e82be7d358', time: '2018-11-14T08:17:03'
System info: host: 'DESKTOP-AM3VRUH', ip: '172.18.9.38', os.name: 'Windows 10', os.arch: 'amd64', os.version: '10.0', java.version: '1.8.0_202'
Driver info: org.openqa.selenium.chrome.ChromeDriver
Capabilities {acceptInsecureCerts: false, browserName: chrome, browserVersion: 117.0.5938.92, chrome: {chromedriverVersion: 117.0.5938.88 (be6afae47212..., userDataDir: C:\Users\ADMINS~1\AppData\L...}, fedcm:accounts: true, goog:chromeOptions: {debuggerAddress: localhost:54388}, javascriptEnabled: true, networkConnectionEnabled: false, pageLoadStrategy: normal, platform: WINDOWS, platformName: WINDOWS, proxy: Proxy(), setWindowRect: true, strictFileInteractability: false, timeouts: {implicit: 0, pageLoad: 300000, script: 30000}, unhandledPromptBehavior: dismiss and notify, webauthn:extension:credBlob: true, webauthn:extension:largeBlob: true, webauthn:extension:minPinLength: true, webauthn:extension:prf: true, webauthn:virtualAuthenticators: true}
Session ID: eb1f3fc0e0343f903a4823ffcaf14240
*** Element info: {Using=xpath, value=//div [@class = 'sOewt4Y1yBOPAIUGcJwH fD2Lif3G4ehCgKZJDFwf CgEr4LoA7GBJSRxe_hwL']}
For documentation on this error, please visit: https://www.seleniumhq.org/exceptions/no_such_element.html
Build info: version: '3.141.59', revision: 'e82be7d358', time: '2018-11-14T08:17:03'
System info: host: 'DESKTOP-AM3VRUH', ip: '172.18.9.38', os.name: 'Windows 10', os.arch: 'amd64', os.version: '10.0', java.version: '1.8.0_202'
Driver info: driver.version: unknown</error><system-err>no such element: Unable to locate element: {"method":"xpath","selector":"//div [@class = 'sOewt4Y1yBOPAIUGcJwH fD2Lif3G4ehCgKZJDFwf CgEr4LoA7GBJSRxe_hwL']"}
  (Session info: chrome=117.0.5938.92)
For documentation on this error, please visit: https://www.seleniumhq.org/exceptions/no_such_element.html
Build info: version: '3.141.59', revision: 'e82be7d358', time: '2018-11-14T08:17:03'
System info: host: 'DESKTOP-AM3VRUH', ip: '172.18.9.38', os.name: 'Windows 10', os.arch: 'amd64', os.version: '10.0', java.version: '1.8.0_202'
Driver info: org.openqa.selenium.chrome.ChromeDriver
Capabilities {acceptInsecureCerts: false, browserName: chrome, browserVersion: 117.0.5938.92, chrome: {chromedriverVersion: 117.0.5938.88 (be6afae47212..., userDataDir: C:\Users\ADMINS~1\AppData\L...}, fedcm:accounts: true, goog:chromeOptions: {debuggerAddress: localhost:54388}, javascriptEnabled: true, networkConnectionEnabled: false, pageLoadStrategy: normal, platform: WINDOWS, platformName: WINDOWS, proxy: Proxy(), setWindowRect: true, strictFileInteractability: false, timeouts: {implicit: 0, pageLoad: 300000, script: 30000}, unhandledPromptBehavior: dismiss and notify, webauthn:extension:credBlob: true, webauthn:extension:largeBlob: true, webauthn:extension:minPinLength: true, webauthn:extension:prf: true, webauthn:virtualAuthenticators: true}
Session ID: eb1f3fc0e0343f903a4823ffcaf14240
*** Element info: {Using=xpath, value=//div [@class = 'sOewt4Y1yBOPAIUGcJwH fD2Lif3G4ehCgKZJDFwf CgEr4LoA7GBJSRxe_hwL']}
For documentation on this error, please visit: https://www.seleniumhq.org/exceptions/no_such_element.html
Build info: version: '3.141.59', revision: 'e82be7d358', time: '2018-11-14T08:17:03'
System info: host: 'DESKTOP-AM3VRUH', ip: '172.18.9.38', os.name: 'Windows 10', os.arch: 'amd64', os.version: '10.0', java.version: '1.8.0_202'
Driver info: driver.version: unknown&#13;
com.co.booking.steps.loginStep.FIND_HEADER_MESSAGEERROR(loginStep.java:57)&#13;
com.co.booking.stepdefinitions.loginStepDefinition.TheUserWillSeeAnErrorOnThePage(loginStepDefinition.java:136)&#13;
✽.The user will see an error on the page(file:///C:/Users/AdminSena/Documents/GitHub/Senasoft2023Grupo15/Proyecto/POM/bookingQualityTest/src/test/resources/features/login.feature:37)&#13;
</system-err></testcase></testsuite>