<?xml version="1.0" encoding="UTF-8"?><testsuite errors="0" failures="0" name="Register" skipped="0" tests="7" time="105.85" timestamp="2023-09-27 05:43:29"><testcase name="Failed to register, empty fields in enter password"/><testcase name="Successful register"/><testcase name="Failed registration due to numerical data"/><testcase name="Failed Registration due to special characters"/><testcase name="Register Fail"/><testcase name="Failed registration empty fields in email"/><testcase name="Registration failed, empty password fields"/></testsuite>