<?xml version="1.0" encoding="UTF-8"?><testsuite errors="0" failures="0" name="Register" skipped="0" tests="8" time="152.52" timestamp="2023-09-28 08:56:27"><testcase name="Successful register"/><testcase name="Failed registration due to numerical data"/><testcase name="Failed Registration due to special characters"/><testcase name="Register Fail"/><testcase name="Failed registration empty fields in email"/><testcase name="Registration failed, empty password fields"/><testcase name="Failed to register, empty fields in enter password"/><testcase name="Failed to register, empty fields in confirm password"/></testsuite>