<?xml version="1.0" encoding="UTF-8"?><testsuite errors="0" failures="0" name="Change page language" skipped="13" tests="13" time="85.21" timestamp="2023-09-27 04:24:33"><testcase name="Validation of language change to &quot;English US"><skipped/></testcase><testcase name="Validation of language change to &quot;English UK&quot;"><skipped/></testcase><testcase name="Validation of language change to &quot;French&quot;"><skipped/></testcase><testcase name="Validation of language change to &quot;German&quot;"><skipped/></testcase><testcase name="Validation of language change to &quot;Portuguese&quot;"><skipped/></testcase><testcase name="Validation of language change to &quot;Portuguese PT&quot;"><skipped/></testcase><testcase name="Validation of language change to &quot;Italian&quot;"><skipped/></testcase><testcase name="Validation of language change to &quot;Japanese&quot;"><skipped/></testcase><testcase name="Validation of language change to &quot;Mandarin&quot;"><skipped/></testcase><testcase name="Validation of language change to &quot;Russian&quot;"><skipped/></testcase><testcase name="Validation of language change to &quot;Greek&quot;"><skipped/></testcase><testcase name="Validation of language change to &quot;Polish&quot;"><skipped/></testcase><testcase name="Validation of language change to &quot;Filipino&quot;"><skipped/></testcase></testsuite>