<?xml version="1.0" encoding="UTF-8"?><testsuite errors="0" failures="0" name="Contact Us Form" skipped="0" tests="6" time="47.62" timestamp="2023-09-27 03:22:17"><testcase name="Validation of the &quot;Save time and money&quot; form without entering an email address"/><testcase name="Validation of the &quot;Save time and money&quot; form with numbers"/><testcase name="Validation of &quot;Save time and money&quot; form letters"/><testcase name="Validation of the &quot;Save time and money&quot; form with symbols"/><testcase name="Validation of &quot;Save time and money&quot; form with alphanumeric"/><testcase name="Validación of the &quot;Save Time and Money&quot; form with mailing"/></testsuite>