<?xml version="1.0" encoding="UTF-8"?><testsuite errors="0" failures="0" name="Change page language" skipped="0" tests="12" time="98.01" timestamp="2023-09-27 08:00:12"><testcase name="Validation of language change to &quot;English US"/><testcase name="Validation of language change to &quot;English UK&quot;"/><testcase name="Validation of language change to &quot;French&quot;"/><testcase name="Validation of language change to &quot;German&quot;"/><testcase name="Validation of language change to &quot;Portuguese&quot;"/><testcase name="Validation of language change to &quot;Portuguese PT&quot;"/><testcase name="Validation of language change to &quot;Italian&quot;"/><testcase name="Validation of language change to &quot;Japanese&quot;"/><testcase name="Validation of language change to &quot;Mandarin&quot;"/><testcase name="Validation of language change to &quot;Greek&quot;"/><testcase name="Validation of language change to &quot;Polish&quot;"/><testcase name="Validation of language change to &quot;Filipino&quot;"/></testsuite>