<?xml version="1.0" encoding="UTF-8"?><testsuite errors="0" failures="0" name="Contact Us Form" skipped="6" tests="6" time="0.45" timestamp="2023-09-27 02:41:48"><testcase name="Validation of the &quot;Save time and money&quot; form without entering your email address"><skipped/></testcase><testcase name="Validation of the &quot;Save time and money&quot; form with numbers"><skipped/></testcase><testcase name="Validation of &quot;Save time and money&quot; form letters"><skipped/></testcase><testcase name="Validation of the &quot;Save time and money&quot; form with symbols"><skipped/></testcase><testcase name="Validation of &quot;Save time and money&quot; form with alphanumeric"><skipped/></testcase><testcase name="Validación of the &quot;Save Time and Money&quot; form with mailing"><skipped/></testcase></testsuite>